********************************************************************************
PACKAGE-LOG: 2014-09-20 06:26:10
NOTICE: Do NOT post to public sites or forums 
********************************************************************************
VERSION:	0.5.8
WORDPRESS:	3.9.2
PHP INFO:	5.5.11 | SAPI: apache2handler
SERVER:		Apache/2.4.9 (Win32) OpenSSL/1.0.1g PHP/5.5.11 
PHP TIME LIMIT: (0) no time limit imposed 
PHP MAX MEMORY: 5000M (256M default) 

********************************************************************************
DATABASE:
********************************************************************************
BUILD MODE:   PHP
MYSQLDUMP:    Is Supported
MYSQLTIMEOUT: 5000 
TABLES: total:13 | filtered:0 | create:13 
FILTERED: [] 
wp_commentmeta (15) 
wp_comments (4) 
wp_duplicator_packages (3) 
wp_dynamic_widgets (0) 
wp_links (0) 
wp_options (291) 
wp_postmeta (340) 
wp_posts (160) 
wp_term_relationships (11) 
wp_term_taxonomy (3) 
wp_terms (3) 
wp_usermeta (24) 
wp_users (1) 
SQL CREATED: 20140920_kwycc_541d1d70876937562140920062344_database.sql 
SQL FILE SIZE: 694.47KB 
SQL RUNTIME: 0.08 sec. 

******************************************************************************** 
ARCHIVE (ZIP): 
******************************************************************************** 
ARCHIVE DIR:  C:/xampp/htdocs/wordpress 
ARCHIVE FILE: 20140920_kwycc_541d1d70876937562140920062344_archive.zip 
FILTERS: *OFF* 
DIRS:  not set 
EXTS:  not set 
---------------------------------------- 
COMPRESSING 
SIZE:	59.22MB 
STATS:	Dirs 567 | Files 3,649 | Links 0 
SQL ADDED: 20140920_kwycc_541d1d70876937562140920062344_database.sql 
WARNING: Unable to zip directory: 'C:/xampp/htdocs/wordpress' 
ZipArchive Object
(
    [status] => 0
    [statusSys] => 0
    [numFiles] => 4216
    [filename] => C:\xampp\htdocs\wordpress\wp-snapshots\tmp\20140920_kwycc_541d1d70876937562140920062344_archive.zip
    [comment] => 
)
 
COMPRESSION RESULT: '1' 
COMPRESSED SIZE: 32.71MB 
ARCHIVE RUNTIME: 16.08 sec. 

******************************************************************************** 
INSTALLER: 
******************************************************************************** 
INSTALLER FILE: Build Start 
INSTALLER FILE: Build Finished 
INSTALLER FILE: Preping for use 
INSTALLER FILE: Template parsed with new data 
INSTALLER FILE: Complete [C:/xampp/htdocs/wordpress/wp-snapshots/tmp/20140920_kwycc_541d1d70876937562140920062344_installer.php] 
INSTALLER FILE: Added to archive 

********************************************************************************
RECORD ID:[3]
FILE SIZE: Archive:32.71MB | SQL:694.47KB | Installer:414.5KB
TOTAL PROCESS RUNTIME: 17.99 sec.
DONE PROCESSING => 20140920_kwycc 2014-09-20 06:26:28
********************************************************************************
 
