********************************************************************************
PACKAGE-LOG: 2014-09-20 06:41:46
NOTICE: Do NOT post to public sites or forums 
********************************************************************************
VERSION:	0.5.8
WORDPRESS:	4.0
PHP INFO:	5.5.11 | SAPI: apache2handler
SERVER:		Apache/2.4.9 (Win32) OpenSSL/1.0.1g PHP/5.5.11 
PHP TIME LIMIT: (0) no time limit imposed 
PHP MAX MEMORY: 5000M (256M default) 

********************************************************************************
DATABASE:
********************************************************************************
BUILD MODE:   PHP
MYSQLDUMP:    Is Supported
MYSQLTIMEOUT: 5000 
TABLES: total:13 | filtered:0 | create:13 
FILTERED: [] 
wp_commentmeta (15) 
wp_comments (4) 
wp_duplicator_packages (4) 
wp_dynamic_widgets (0) 
wp_links (0) 
wp_options (208) 
wp_postmeta (340) 
wp_posts (160) 
wp_term_relationships (11) 
wp_term_taxonomy (3) 
wp_terms (3) 
wp_usermeta (25) 
wp_users (1) 
SQL CREATED: 20140920_kwycc1_541d209295e9f5319140920063706_database.sql 
SQL FILE SIZE: 602.58KB 
SQL RUNTIME: 0.09 sec. 

******************************************************************************** 
ARCHIVE (ZIP): 
******************************************************************************** 
ARCHIVE DIR:  C:/xampp/htdocs/wordpress 
ARCHIVE FILE: 20140920_kwycc1_541d209295e9f5319140920063706_archive.zip 
FILTERS: *OFF* 
DIRS:  not set 
EXTS:  not set 
---------------------------------------- 
COMPRESSING 
SIZE:	59.92MB 
STATS:	Dirs 571 | Files 3,667 | Links 0 
SQL ADDED: 20140920_kwycc1_541d209295e9f5319140920063706_database.sql 
WARNING: Unable to zip directory: 'C:/xampp/htdocs/wordpress' 
ZipArchive Object
(
    [status] => 0
    [statusSys] => 0
    [numFiles] => 4238
    [filename] => C:\xampp\htdocs\wordpress\wp-snapshots\tmp\20140920_kwycc1_541d209295e9f5319140920063706_archive.zip
    [comment] => 
)
 
COMPRESSION RESULT: '1' 
COMPRESSED SIZE: 32.92MB 
ARCHIVE RUNTIME: 6.73 sec. 

******************************************************************************** 
INSTALLER: 
******************************************************************************** 
INSTALLER FILE: Build Start 
INSTALLER FILE: Build Finished 
INSTALLER FILE: Preping for use 
INSTALLER FILE: Template parsed with new data 
INSTALLER FILE: Complete [C:/xampp/htdocs/wordpress/wp-snapshots/tmp/20140920_kwycc1_541d209295e9f5319140920063706_installer.php] 
INSTALLER FILE: Added to archive 

********************************************************************************
RECORD ID:[4]
FILE SIZE: Archive:32.92MB | SQL:602.58KB | Installer:414.51KB
TOTAL PROCESS RUNTIME: 9.03 sec.
DONE PROCESSING => 20140920_kwycc1 2014-09-20 06:41:55
********************************************************************************
 
